#
# There is insufficient memory for the Java Runtime Environment to continue.
# Native memory allocation (mmap) failed to map 65011712 bytes for G1 virtual space
# Possible reasons:
#   The system is out of physical RAM or swap space
#   The process is running with CompressedOops enabled, and the Java Heap may be blocking the growth of the native heap
# Possible solutions:
#   Reduce memory load on the system
#   Increase physical memory or swap space
#   Check if swap backing store is full
#   Decrease Java heap size (-Xmx/-Xms)
#   Decrease number of Java threads
#   Decrease Java thread stack sizes (-Xss)
#   Set larger code cache with -XX:ReservedCodeCacheSize=
#   JVM is running with Unscaled Compressed Oops mode in which the Java heap is
#     placed in the first 4GB address space. The Java Heap base address is the
#     maximum limit for the native heap growth. Please use -XX:HeapBaseMinAddress
#     to set the Java Heap base and to place the Java Heap above 4GB virtual address.
# This output file may be truncated or incomplete.
#
#  Out of Memory Error (os_windows.cpp:3466), pid=3744, tid=1572
#
# JRE version:  (16.0.1+9) (build )
# Java VM: Java HotSpot(TM) 64-Bit Server VM (16.0.1+9-24, mixed mode, sharing, tiered, compressed oops, compressed class ptrs, g1 gc, windows-amd64)
# No core dump will be written. Minidumps are not enabled by default on client versions of Windows
#

---------------  S U M M A R Y ------------

Command Line: -Dfile.encoding=Cp1252 -XX:+ShowCodeDetailsInExceptionMessages qizz.Quiz

Host: Intel(R) Pentium(R) CPU 4415U @ 2.30GHz, 4 cores, 3G,  Windows 10 , 64 bit Build 18362 (10.0.18362.1082)
Time: Sun May 30 09:52:40 2021 India Standard Time elapsed time: 0.019464 seconds (0d 0h 0m 0s)

---------------  T H R E A D  ---------------

Current thread (0x000001d92c18a230):  JavaThread "Unknown thread" [_thread_in_vm, id=1572, stack(0x000000b7d1100000,0x000000b7d1200000)]

Stack: [0x000000b7d1100000,0x000000b7d1200000]
Native frames: (J=compiled Java code, j=interpreted, Vv=VM code, C=native code)
V  [jvm.dll+0x6687ca]
V  [jvm.dll+0x7ca3c9]
V  [jvm.dll+0x7cbb53]
V  [jvm.dll+0x7cc1b3]
V  [jvm.dll+0x242ea5]
V  [jvm.dll+0x665589]
V  [jvm.dll+0x65a175]
V  [jvm.dll+0x2fc5ab]
V  [jvm.dll+0x3037a6]
V  [jvm.dll+0x352fee]
V  [jvm.dll+0x35321f]
V  [jvm.dll+0x2d3618]
V  [jvm.dll+0x2d4854]
V  [jvm.dll+0x79ccb1]
V  [jvm.dll+0x360de1]
V  [jvm.dll+0x77a990]
V  [jvm.dll+0x3e55af]
V  [jvm.dll+0x3e7081]
C  [jli.dll+0x52fb]
C  [ucrtbase.dll+0x20e82]
C  [KERNEL32.DLL+0x17bd4]
C  [ntdll.dll+0x6ce51]


---------------  P R O C E S S  ---------------

Threads class SMR info:
_java_thread_list=0x00007ffc8894cbb8, length=0, elements={
}

Java Threads: ( => current thread )

Other Threads:
  0x000001d92c1b8870 GCTaskThread "GC Thread#0" [stack: 0x000000b7d1200000,0x000000b7d1300000] [id=17944]
  0x000001d92c1c1a90 ConcurrentGCThread "G1 Main Marker" [stack: 0x000000b7d1300000,0x000000b7d1400000] [id=17212]
  0x000001d92c1c2580 ConcurrentGCThread "G1 Conc#0" [stack: 0x000000b7d1400000,0x000000b7d1500000] [id=12376]

[error occurred during error reporting (printing all threads), id 0xc0000005, EXCEPTION_ACCESS_VIOLATION (0xc0000005) at pc=0x00007ffc881244d7]

VM state: not at safepoint (not fully initialized)

VM Mutex/Monitor currently owned by a thread:  ([mutex/lock_event])
[0x000001d92c1854b0] Heap_lock - owner thread: 0x000001d92c18a230

Heap address: 0x00000000c3600000, size: 970 MB, Compressed Oops mode: 32-bit

CDS archive(s) mapped at: [0x0000000000000000-0x0000000000000000-0x0000000000000000), size 0, SharedBaseAddress: 0x0000000800000000, ArchiveRelocationMode: 0.
Narrow klass base: 0x0000000000000000, Narrow klass shift: 0, Narrow klass range: 0x0

GC Precious Log:
<Empty>

Heap:
 garbage-first heap   total 0K, used 0K [0x00000000c3600000, 0x0000000100000000)
  region size 1024K, 0 young (0K), 0 survivors (0K)

[error occurred during error reporting (printing heap information), id 0xc0000005, EXCEPTION_ACCESS_VIOLATION (0xc0000005) at pc=0x00007ffc885024ed]

GC Heap History (0 events):
No events

Deoptimization events (0 events):
No events

Classes unloaded (0 events):
No events

Classes redefined (0 events):
No events

Internal exceptions (0 events):
No events

Events (1 events):
Event: 0.011 Loaded shared library C:\Program Files\Java\jdk-16.0.1\bin\java.dll


Dynamic libraries:
0x00007ff60a400000 - 0x00007ff60a410000 	C:\Program Files\Java\jdk-16.0.1\bin\javaw.exe
0x00007ffcbe380000 - 0x00007ffcbe570000 	C:\WINDOWS\SYSTEM32\ntdll.dll
0x00007ffcbd400000 - 0x00007ffcbd4b2000 	C:\WINDOWS\System32\KERNEL32.DLL
0x00007ffcbb530000 - 0x00007ffcbb7d5000 	C:\WINDOWS\System32\KERNELBASE.dll
0x00007ffcbb430000 - 0x00007ffcbb52a000 	C:\WINDOWS\System32\ucrtbase.dll
0x00007ffca73f0000 - 0x00007ffca7409000 	C:\Program Files\Java\jdk-16.0.1\bin\VCRUNTIME140.dll
0x00007ffca9320000 - 0x00007ffca9338000 	C:\Program Files\Java\jdk-16.0.1\bin\jli.dll
0x00007ffcbc660000 - 0x00007ffcbc703000 	C:\WINDOWS\System32\ADVAPI32.dll
0x00007ffcbcbe0000 - 0x00007ffcbcc7e000 	C:\WINDOWS\System32\msvcrt.dll
0x00007ffcbd040000 - 0x00007ffcbd0d7000 	C:\WINDOWS\System32\sechost.dll
0x00007ffcbc780000 - 0x00007ffcbc8a0000 	C:\WINDOWS\System32\RPCRT4.dll
0x00007ffcbc4c0000 - 0x00007ffcbc655000 	C:\WINDOWS\System32\USER32.dll
0x00007ffcbb340000 - 0x00007ffcbb361000 	C:\WINDOWS\System32\win32u.dll
0x00007ffcbc490000 - 0x00007ffcbc4b6000 	C:\WINDOWS\System32\GDI32.dll
0x00007ffcbc180000 - 0x00007ffcbc316000 	C:\WINDOWS\System32\gdi32full.dll
0x00007ffcbb370000 - 0x00007ffcbb40e000 	C:\WINDOWS\System32\msvcp_win.dll
0x00007ffca8830000 - 0x00007ffca8ab4000 	C:\WINDOWS\WinSxS\amd64_microsoft.windows.common-controls_6595b64144ccf1df_6.0.18362.1082_none_9e8193e1e45b25c1\COMCTL32.dll
0x00007ffcbc8a0000 - 0x00007ffcbcbd5000 	C:\WINDOWS\System32\combase.dll
0x00007ffcbc100000 - 0x00007ffcbc180000 	C:\WINDOWS\System32\bcryptPrimitives.dll
0x00007ffca9ca0000 - 0x00007ffca9caa000 	C:\WINDOWS\SYSTEM32\VERSION.dll
0x00007ffcbdbd0000 - 0x00007ffcbdbfe000 	C:\WINDOWS\System32\IMM32.DLL
0x00007ffcb7780000 - 0x00007ffcb778c000 	C:\Program Files\Java\jdk-16.0.1\bin\vcruntime140_1.dll
0x00007ffc91b50000 - 0x00007ffc91be1000 	C:\Program Files\Java\jdk-16.0.1\bin\msvcp140.dll
0x00007ffc87e40000 - 0x00007ffc889eb000 	C:\Program Files\Java\jdk-16.0.1\bin\server\jvm.dll
0x00007ffcbd320000 - 0x00007ffcbd328000 	C:\WINDOWS\System32\PSAPI.DLL
0x00007ffca71c0000 - 0x00007ffca71c9000 	C:\WINDOWS\SYSTEM32\WSOCK32.dll
0x00007ffcbc710000 - 0x00007ffcbc77f000 	C:\WINDOWS\System32\WS2_32.dll
0x00007ffcb8d90000 - 0x00007ffcb8db4000 	C:\WINDOWS\SYSTEM32\WINMM.dll
0x00007ffcb8d60000 - 0x00007ffcb8d8d000 	C:\WINDOWS\SYSTEM32\WINMMBASE.dll
0x00007ffcbc0b0000 - 0x00007ffcbc0fa000 	C:\WINDOWS\System32\cfgmgr32.dll
0x00007ffcbb250000 - 0x00007ffcbb261000 	C:\WINDOWS\System32\kernel.appcore.dll
0x00007ffcaca60000 - 0x00007ffcaca6a000 	C:\Program Files\Java\jdk-16.0.1\bin\jimage.dll
0x00007ffcb9230000 - 0x00007ffcb9424000 	C:\WINDOWS\SYSTEM32\DBGHELP.DLL
0x00007ffca5430000 - 0x00007ffca545a000 	C:\WINDOWS\SYSTEM32\dbgcore.DLL
0x00007ffcaad10000 - 0x00007ffcaad35000 	C:\Program Files\Java\jdk-16.0.1\bin\java.dll

dbghelp: loaded successfully - version: 4.0.5 - missing functions: none
symbol engine: initialized successfully - sym options: 0x614 - pdb path: .;C:\Program Files\Java\jdk-16.0.1\bin;C:\WINDOWS\SYSTEM32;C:\WINDOWS\WinSxS\amd64_microsoft.windows.common-controls_6595b64144ccf1df_6.0.18362.1082_none_9e8193e1e45b25c1;C:\Program Files\Java\jdk-16.0.1\bin\server

VM Arguments:
jvm_args: -Dfile.encoding=Cp1252 -XX:+ShowCodeDetailsInExceptionMessages 
java_command: qizz.Quiz
java_class_path (initial): C:\Users\Dell\eclipse-workspace\qizz\bin
Launcher Type: SUN_STANDARD

[Global flags]
     intx CICompilerCount                          = 3                                         {product} {ergonomic}
     uint ConcGCThreads                            = 1                                         {product} {ergonomic}
     uint G1ConcRefinementThreads                  = 4                                         {product} {ergonomic}
   size_t G1HeapRegionSize                         = 1048576                                   {product} {ergonomic}
    uintx GCDrainStackTargetSize                   = 64                                        {product} {ergonomic}
   size_t InitialHeapSize                          = 65011712                                  {product} {ergonomic}
   size_t MarkStackSize                            = 4194304                                   {product} {ergonomic}
   size_t MaxHeapSize                              = 1017118720                                {product} {ergonomic}
   size_t MinHeapDeltaBytes                        = 1048576                                   {product} {ergonomic}
   size_t MinHeapSize                              = 8388608                                   {product} {ergonomic}
    uintx NonNMethodCodeHeapSize                   = 5832780                                {pd product} {ergonomic}
    uintx NonProfiledCodeHeapSize                  = 122912730                              {pd product} {ergonomic}
    uintx ProfiledCodeHeapSize                     = 122912730                              {pd product} {ergonomic}
    uintx ReservedCodeCacheSize                    = 251658240                              {pd product} {ergonomic}
     bool SegmentedCodeCache                       = true                                      {product} {ergonomic}
     bool ShowCodeDetailsInExceptionMessages       = true                                   {manageable} {command line}
   size_t SoftMaxHeapSize                          = 1017118720                             {manageable} {ergonomic}
     bool UseCompressedClassPointers               = true                           {product lp64_product} {ergonomic}
     bool UseCompressedOops                        = true                           {product lp64_product} {ergonomic}
     bool UseG1GC                                  = true                                      {product} {ergonomic}
     bool UseLargePagesIndividualAllocation        = false                                  {pd product} {ergonomic}

Logging:
Log output configuration:
 #0: stdout all=warning uptime,level,tags
 #1: stderr all=off uptime,level,tags

Environment Variables:
JAVA_HOME=C:\Program Files\Java\jdk-16.0.1
PATH=C:\Program Files\Common Files\Oracle\Java\javapath;C:\Program Files (x86)\Common Files\Oracle\Java\javapath;C:\WINDOWS\system32;C:\WINDOWS;C:\WINDOWS\System32\Wbem;C:\WINDOWS\System32\WindowsPowerShell\v1.0\;C:\WINDOWS\System32\OpenSSH\;C:\Program Files\nodejs\;c:\Xilinx\bin\nt;C:\Program Files (x86)\Microsoft SQL Server\100\Tools\Binn\VSShell\Common7\IDE\;C:\Program Files (x86)\Microsoft SQL Server\100\Tools\Binn\;C:\Program Files\Microsoft SQL Server\100\Tools\Binn\;C:\Program Files (x86)\Microsoft SQL Server\100\DTS\Binn\;C:\Program Files\Azure Data Studio\bin;C:\Program Files\Java\jdk-16.0.1\bin;C:\Program Files (x86)\Microsoft SQL Server\110\Tools\Binn\ManagementStudio\;C:\Program Files (x86)\Microsoft SQL Server\110\Tools\Binn\;C:\Program Files (x86)\Microsoft SQL Server\110\DTS\Binn\;C:\altera\90\modelsim_ase\win32aloem;C:\Users\Dell\AppData\Local\Microsoft\WindowsApps;;C:\Users\Dell\AppData\Local\Programs\Microsoft VS Code\bin;C:\Users\Dell\AppData\Roaming\npm;C:\Program Files\Azure Data Studio\bin
USERNAME=Dell
OS=Windows_NT
PROCESSOR_IDENTIFIER=Intel64 Family 6 Model 142 Stepping 9, GenuineIntel



---------------  S Y S T E M  ---------------

OS:
 Windows 10 , 64 bit Build 18362 (10.0.18362.1082)
OS uptime: 16 days 20:33 hours

CPU: total 4 (initial active 4) (2 cores per cpu, 2 threads per core) family 6 model 142 stepping 9 microcode 0xb4, cx8, cmov, fxsr, ht, mmx, 3dnowpref, sse, sse2, sse3, ssse3, sse4.1, sse4.2, popcnt, lzcnt, tsc, tscinvbit, aes, erms, clmul, clflush, clflushopt

Memory: 4k page, system-wide physical 3874M (402M free)
TotalPageFile size 15650M (AvailPageFile size 24M)
current process WorkingSet (physical memory assigned to process): 9M, peak: 9M
current process commit charge ("private bytes"): 51M, peak: 113M

vm_info: Java HotSpot(TM) 64-Bit Server VM (16.0.1+9-24) for windows-amd64 JRE (16.0.1+9-24), built on Mar 26 2021 19:31:42 by "mach5one" with MS VC++ 16.7 (VS2019)

END.
