#
# There is insufficient memory for the Java Runtime Environment to continue.
# Native memory allocation (mmap) failed to map 65536 bytes for Failed to commit metaspace.
# Possible reasons:
#   The system is out of physical RAM or swap space
#   The process is running with CompressedOops enabled, and the Java Heap may be blocking the growth of the native heap
# Possible solutions:
#   Reduce memory load on the system
#   Increase physical memory or swap space
#   Check if swap backing store is full
#   Decrease Java heap size (-Xmx/-Xms)
#   Decrease number of Java threads
#   Decrease Java thread stack sizes (-Xss)
#   Set larger code cache with -XX:ReservedCodeCacheSize=
#   JVM is running with Unscaled Compressed Oops mode in which the Java heap is
#     placed in the first 4GB address space. The Java Heap base address is the
#     maximum limit for the native heap growth. Please use -XX:HeapBaseMinAddress
#     to set the Java Heap base and to place the Java Heap above 4GB virtual address.
# This output file may be truncated or incomplete.
#
#  Out of Memory Error (virtualSpaceNode.cpp:108), pid=12740, tid=17892
#
# JRE version: Java(TM) SE Runtime Environment (16.0.1+9) (build 16.0.1+9-24)
# Java VM: Java HotSpot(TM) 64-Bit Server VM (16.0.1+9-24, mixed mode, tiered, compressed oops, compressed class ptrs, g1 gc, windows-amd64)
# No core dump will be written. Minidumps are not enabled by default on client versions of Windows
#

---------------  S U M M A R Y ------------

Command Line: -Dfile.encoding=Cp1252 -XX:+ShowCodeDetailsInExceptionMessages qizz.Quiz

Host: Intel(R) Pentium(R) CPU 4415U @ 2.30GHz, 4 cores, 3G,  Windows 10 , 64 bit Build 18362 (10.0.18362.1082)
Time: Sun May 30 09:35:57 2021 India Standard Time elapsed time: 0.513623 seconds (0d 0h 0m 0s)

---------------  T H R E A D  ---------------

Current thread (0x0000014c0b84b460):  JavaThread "main" [_thread_in_vm, id=17892, stack(0x0000001fa2300000,0x0000001fa2400000)]

Stack: [0x0000001fa2300000,0x0000001fa2400000]
Native frames: (J=compiled Java code, j=interpreted, Vv=VM code, C=native code)
V  [jvm.dll+0x6687ca]
V  [jvm.dll+0x7ca3c9]
V  [jvm.dll+0x7cbb53]
V  [jvm.dll+0x7cc1b3]
V  [jvm.dll+0x242ea5]
V  [jvm.dll+0x7c6a4b]
V  [jvm.dll+0x60e436]
V  [jvm.dll+0x60e49a]
V  [jvm.dll+0x610aca]
V  [jvm.dll+0x60ed31]
V  [jvm.dll+0x238690]
V  [jvm.dll+0x1ea53f]
V  [jvm.dll+0x1df8a1]
V  [jvm.dll+0x536728]
V  [jvm.dll+0x1f0fa2]
V  [jvm.dll+0x741e03]
V  [jvm.dll+0x7436a8]
V  [jvm.dll+0x7439d3]
V  [jvm.dll+0x23ad74]
V  [jvm.dll+0x375b71]
C  0x0000014c12fdbea1

Java frames: (J=compiled Java code, j=interpreted, Vv=VM code)
j  java.security.BasicPermission.newPermissionCollection()Ljava/security/PermissionCollection;+0 java.base@16.0.1
j  java.security.Permissions.createPermissionCollection(Ljava/security/Permission;Z)Ljava/security/PermissionCollection;+65 java.base@16.0.1
j  java.security.Permissions.getPermissionCollection(Ljava/security/Permission;Z)Ljava/security/PermissionCollection;+35 java.base@16.0.1
j  java.security.Permissions.add(Ljava/security/Permission;)V+20 java.base@16.0.1
j  sun.security.util.LazyCodeSourcePermissionCollection.add(Ljava/security/Permission;)V+22 java.base@16.0.1
j  jdk.internal.loader.ClassLoaders$AppClassLoader.getPermissions(Ljava/security/CodeSource;)Ljava/security/PermissionCollection;+16 java.base@16.0.1
j  java.security.SecureClassLoader$1.apply(Ljava/security/SecureClassLoader$CodeSourceKey;)Ljava/security/ProtectionDomain;+8 java.base@16.0.1
j  java.security.SecureClassLoader$1.apply(Ljava/lang/Object;)Ljava/lang/Object;+5 java.base@16.0.1
j  java.util.concurrent.ConcurrentHashMap.computeIfAbsent(Ljava/lang/Object;Ljava/util/function/Function;)Ljava/lang/Object;+115 java.base@16.0.1
j  java.security.SecureClassLoader.getProtectionDomain(Ljava/security/CodeSource;)Ljava/security/ProtectionDomain;+29 java.base@16.0.1
j  java.security.SecureClassLoader.defineClass(Ljava/lang/String;[BIILjava/security/CodeSource;)Ljava/lang/Class;+9 java.base@16.0.1
j  jdk.internal.loader.BuiltinClassLoader.defineClass(Ljava/lang/String;Ljdk/internal/loader/Resource;)Ljava/lang/Class;+117 java.base@16.0.1
j  jdk.internal.loader.BuiltinClassLoader.findClassOnClassPathOrNull(Ljava/lang/String;)Ljava/lang/Class;+37 java.base@16.0.1
j  jdk.internal.loader.BuiltinClassLoader.loadClassOrNull(Ljava/lang/String;Z)Ljava/lang/Class;+111 java.base@16.0.1
j  jdk.internal.loader.BuiltinClassLoader.loadClass(Ljava/lang/String;Z)Ljava/lang/Class;+3 java.base@16.0.1
j  jdk.internal.loader.ClassLoaders$AppClassLoader.loadClass(Ljava/lang/String;Z)Ljava/lang/Class;+36 java.base@16.0.1
j  java.lang.ClassLoader.loadClass(Ljava/lang/String;)Ljava/lang/Class;+3 java.base@16.0.1
v  ~StubRoutines::call_stub
j  java.lang.Class.forName0(Ljava/lang/String;ZLjava/lang/ClassLoader;Ljava/lang/Class;)Ljava/lang/Class;+0 java.base@16.0.1
j  java.lang.Class.forName(Ljava/lang/String;ZLjava/lang/ClassLoader;)Ljava/lang/Class;+43 java.base@16.0.1
j  sun.launcher.LauncherHelper.loadMainClass(ILjava/lang/String;)Ljava/lang/Class;+95 java.base@16.0.1
j  sun.launcher.LauncherHelper.checkAndLoadMain(ZILjava/lang/String;)Ljava/lang/Class;+42 java.base@16.0.1
v  ~StubRoutines::call_stub

---------------  P R O C E S S  ---------------

Threads class SMR info:
_java_thread_list=0x0000014c27566f20, length=12, elements={
0x0000014c0b84b460, 0x0000014c268ab250, 0x0000014c268ac390, 0x0000014c268d3310,
0x0000014c268d4b30, 0x0000014c268d7540, 0x0000014c268d99c0, 0x0000014c268f7590,
0x0000014c268f7f90, 0x0000014c269050f0, 0x0000014c2756a900, 0x0000014c2756be40
}

Java Threads: ( => current thread )
=>0x0000014c0b84b460 JavaThread "main" [_thread_in_vm, id=17892, stack(0x0000001fa2300000,0x0000001fa2400000)]
  0x0000014c268ab250 JavaThread "Reference Handler" daemon [_thread_blocked, id=13784, stack(0x0000001fa2a00000,0x0000001fa2b00000)]
  0x0000014c268ac390 JavaThread "Finalizer" daemon [_thread_blocked, id=17508, stack(0x0000001fa2b00000,0x0000001fa2c00000)]
  0x0000014c268d3310 JavaThread "Signal Dispatcher" daemon [_thread_blocked, id=2296, stack(0x0000001fa2c00000,0x0000001fa2d00000)]
  0x0000014c268d4b30 JavaThread "Attach Listener" daemon [_thread_blocked, id=17348, stack(0x0000001fa2d00000,0x0000001fa2e00000)]
  0x0000014c268d7540 JavaThread "Service Thread" daemon [_thread_blocked, id=18364, stack(0x0000001fa2e00000,0x0000001fa2f00000)]
  0x0000014c268d99c0 JavaThread "Monitor Deflation Thread" daemon [_thread_blocked, id=17932, stack(0x0000001fa2f00000,0x0000001fa3000000)]
  0x0000014c268f7590 JavaThread "C2 CompilerThread0" daemon [_thread_blocked, id=17092, stack(0x0000001fa3000000,0x0000001fa3100000)]
  0x0000014c268f7f90 JavaThread "C1 CompilerThread0" daemon [_thread_blocked, id=17836, stack(0x0000001fa3100000,0x0000001fa3200000)]
  0x0000014c269050f0 JavaThread "Sweeper thread" daemon [_thread_blocked, id=17660, stack(0x0000001fa3200000,0x0000001fa3300000)]
  0x0000014c2756a900 JavaThread "Notification Thread" daemon [_thread_blocked, id=9496, stack(0x0000001fa3300000,0x0000001fa3400000)]
  0x0000014c2756be40 JavaThread "Common-Cleaner" daemon [_thread_blocked, id=16072, stack(0x0000001fa3500000,0x0000001fa3600000)]

Other Threads:
  0x0000014c2688b300 VMThread "VM Thread" [stack: 0x0000001fa2900000,0x0000001fa2a00000] [id=13020]
  0x0000014c2756e8f0 WatcherThread [stack: 0x0000001fa3400000,0x0000001fa3500000] [id=17896]
  0x0000014c0b87b920 GCTaskThread "GC Thread#0" [stack: 0x0000001fa2400000,0x0000001fa2500000] [id=16840]
  0x0000014c0b884b40 ConcurrentGCThread "G1 Main Marker" [stack: 0x0000001fa2500000,0x0000001fa2600000] [id=11096]
  0x0000014c0b885630 ConcurrentGCThread "G1 Conc#0" [stack: 0x0000001fa2600000,0x0000001fa2700000] [id=17652]
  0x0000014c0b8c8610 ConcurrentGCThread "G1 Refine#0" [stack: 0x0000001fa2700000,0x0000001fa2800000] [id=17464]
  0x0000014c0b8c9110 ConcurrentGCThread "G1 Service" [stack: 0x0000001fa2800000,0x0000001fa2900000] [id=17924]

Threads with active compile tasks:

VM state: not at safepoint (normal execution)

VM Mutex/Monitor currently owned by a thread:  ([mutex/lock_event])
[0x0000014c0b846690] MetaspaceExpand_lock - owner thread: 0x0000014c0b84b460

Heap address: 0x00000000c3600000, size: 970 MB, Compressed Oops mode: 32-bit

CDS disabled.
Compressed class space mapped at: 0x0000000100000000-0x0000000140000000, reserved size: 1073741824
Narrow klass base: 0x0000000000000000, Narrow klass shift: 3, Narrow klass range: 0x140000000

GC Precious Log:
 CPUs: 4 total, 4 available
 Memory: 3874M
 Large Page Support: Disabled
 NUMA Support: Disabled
 Compressed Oops: Enabled (32-bit)
 Heap Region Size: 1M
 Heap Min Capacity: 8M
 Heap Initial Capacity: 62M
 Heap Max Capacity: 970M
 Pre-touch: Disabled
 Parallel Workers: 4
 Concurrent Workers: 1
 Concurrent Refinement Workers: 4
 Periodic GC: Disabled

Heap:
 garbage-first heap   total 63488K, used 1024K [0x00000000c3600000, 0x0000000100000000)
  region size 1024K, 2 young (2048K), 0 survivors (0K)
 Metaspace       used 3764K, committed 3776K, reserved 1056768K
  class space    used 309K, committed 320K, reserved 1048576K

Heap Regions: E=young(eden), S=young(survivor), O=old, HS=humongous(starts), HC=humongous(continues), CS=collection set, F=free, OA=open archive, CA=closed archive, TAMS=top-at-mark-start (previous, next)
|   0|0x00000000c3600000, 0x00000000c3600000, 0x00000000c3700000|  0%| F|  |TAMS 0x00000000c3600000, 0x00000000c3600000| Untracked 
|   1|0x00000000c3700000, 0x00000000c3700000, 0x00000000c3800000|  0%| F|  |TAMS 0x00000000c3700000, 0x00000000c3700000| Untracked 
|   2|0x00000000c3800000, 0x00000000c3800000, 0x00000000c3900000|  0%| F|  |TAMS 0x00000000c3800000, 0x00000000c3800000| Untracked 
|   3|0x00000000c3900000, 0x00000000c3900000, 0x00000000c3a00000|  0%| F|  |TAMS 0x00000000c3900000, 0x00000000c3900000| Untracked 
|   4|0x00000000c3a00000, 0x00000000c3a00000, 0x00000000c3b00000|  0%| F|  |TAMS 0x00000000c3a00000, 0x00000000c3a00000| Untracked 
|   5|0x00000000c3b00000, 0x00000000c3b00000, 0x00000000c3c00000|  0%| F|  |TAMS 0x00000000c3b00000, 0x00000000c3b00000| Untracked 
|   6|0x00000000c3c00000, 0x00000000c3c00000, 0x00000000c3d00000|  0%| F|  |TAMS 0x00000000c3c00000, 0x00000000c3c00000| Untracked 
|   7|0x00000000c3d00000, 0x00000000c3d00000, 0x00000000c3e00000|  0%| F|  |TAMS 0x00000000c3d00000, 0x00000000c3d00000| Untracked 
|   8|0x00000000c3e00000, 0x00000000c3e00000, 0x00000000c3f00000|  0%| F|  |TAMS 0x00000000c3e00000, 0x00000000c3e00000| Untracked 
|   9|0x00000000c3f00000, 0x00000000c3f00000, 0x00000000c4000000|  0%| F|  |TAMS 0x00000000c3f00000, 0x00000000c3f00000| Untracked 
|  10|0x00000000c4000000, 0x00000000c4000000, 0x00000000c4100000|  0%| F|  |TAMS 0x00000000c4000000, 0x00000000c4000000| Untracked 
|  11|0x00000000c4100000, 0x00000000c4100000, 0x00000000c4200000|  0%| F|  |TAMS 0x00000000c4100000, 0x00000000c4100000| Untracked 
|  12|0x00000000c4200000, 0x00000000c4200000, 0x00000000c4300000|  0%| F|  |TAMS 0x00000000c4200000, 0x00000000c4200000| Untracked 
|  13|0x00000000c4300000, 0x00000000c4300000, 0x00000000c4400000|  0%| F|  |TAMS 0x00000000c4300000, 0x00000000c4300000| Untracked 
|  14|0x00000000c4400000, 0x00000000c4400000, 0x00000000c4500000|  0%| F|  |TAMS 0x00000000c4400000, 0x00000000c4400000| Untracked 
|  15|0x00000000c4500000, 0x00000000c4500000, 0x00000000c4600000|  0%| F|  |TAMS 0x00000000c4500000, 0x00000000c4500000| Untracked 
|  16|0x00000000c4600000, 0x00000000c4600000, 0x00000000c4700000|  0%| F|  |TAMS 0x00000000c4600000, 0x00000000c4600000| Untracked 
|  17|0x00000000c4700000, 0x00000000c4700000, 0x00000000c4800000|  0%| F|  |TAMS 0x00000000c4700000, 0x00000000c4700000| Untracked 
|  18|0x00000000c4800000, 0x00000000c4800000, 0x00000000c4900000|  0%| F|  |TAMS 0x00000000c4800000, 0x00000000c4800000| Untracked 
|  19|0x00000000c4900000, 0x00000000c4900000, 0x00000000c4a00000|  0%| F|  |TAMS 0x00000000c4900000, 0x00000000c4900000| Untracked 
|  20|0x00000000c4a00000, 0x00000000c4a00000, 0x00000000c4b00000|  0%| F|  |TAMS 0x00000000c4a00000, 0x00000000c4a00000| Untracked 
|  21|0x00000000c4b00000, 0x00000000c4b00000, 0x00000000c4c00000|  0%| F|  |TAMS 0x00000000c4b00000, 0x00000000c4b00000| Untracked 
|  22|0x00000000c4c00000, 0x00000000c4c00000, 0x00000000c4d00000|  0%| F|  |TAMS 0x00000000c4c00000, 0x00000000c4c00000| Untracked 
|  23|0x00000000c4d00000, 0x00000000c4d00000, 0x00000000c4e00000|  0%| F|  |TAMS 0x00000000c4d00000, 0x00000000c4d00000| Untracked 
|  24|0x00000000c4e00000, 0x00000000c4e00000, 0x00000000c4f00000|  0%| F|  |TAMS 0x00000000c4e00000, 0x00000000c4e00000| Untracked 
|  25|0x00000000c4f00000, 0x00000000c4f00000, 0x00000000c5000000|  0%| F|  |TAMS 0x00000000c4f00000, 0x00000000c4f00000| Untracked 
|  26|0x00000000c5000000, 0x00000000c5000000, 0x00000000c5100000|  0%| F|  |TAMS 0x00000000c5000000, 0x00000000c5000000| Untracked 
|  27|0x00000000c5100000, 0x00000000c5100000, 0x00000000c5200000|  0%| F|  |TAMS 0x00000000c5100000, 0x00000000c5100000| Untracked 
|  28|0x00000000c5200000, 0x00000000c5200000, 0x00000000c5300000|  0%| F|  |TAMS 0x00000000c5200000, 0x00000000c5200000| Untracked 
|  29|0x00000000c5300000, 0x00000000c5300000, 0x00000000c5400000|  0%| F|  |TAMS 0x00000000c5300000, 0x00000000c5300000| Untracked 
|  30|0x00000000c5400000, 0x00000000c5400000, 0x00000000c5500000|  0%| F|  |TAMS 0x00000000c5400000, 0x00000000c5400000| Untracked 
|  31|0x00000000c5500000, 0x00000000c5500000, 0x00000000c5600000|  0%| F|  |TAMS 0x00000000c5500000, 0x00000000c5500000| Untracked 
|  32|0x00000000c5600000, 0x00000000c5600000, 0x00000000c5700000|  0%| F|  |TAMS 0x00000000c5600000, 0x00000000c5600000| Untracked 
|  33|0x00000000c5700000, 0x00000000c5700000, 0x00000000c5800000|  0%| F|  |TAMS 0x00000000c5700000, 0x00000000c5700000| Untracked 
|  34|0x00000000c5800000, 0x00000000c5800000, 0x00000000c5900000|  0%| F|  |TAMS 0x00000000c5800000, 0x00000000c5800000| Untracked 
|  35|0x00000000c5900000, 0x00000000c5900000, 0x00000000c5a00000|  0%| F|  |TAMS 0x00000000c5900000, 0x00000000c5900000| Untracked 
|  36|0x00000000c5a00000, 0x00000000c5a00000, 0x00000000c5b00000|  0%| F|  |TAMS 0x00000000c5a00000, 0x00000000c5a00000| Untracked 
|  37|0x00000000c5b00000, 0x00000000c5b00000, 0x00000000c5c00000|  0%| F|  |TAMS 0x00000000c5b00000, 0x00000000c5b00000| Untracked 
|  38|0x00000000c5c00000, 0x00000000c5c00000, 0x00000000c5d00000|  0%| F|  |TAMS 0x00000000c5c00000, 0x00000000c5c00000| Untracked 
|  39|0x00000000c5d00000, 0x00000000c5d00000, 0x00000000c5e00000|  0%| F|  |TAMS 0x00000000c5d00000, 0x00000000c5d00000| Untracked 
|  40|0x00000000c5e00000, 0x00000000c5e00000, 0x00000000c5f00000|  0%| F|  |TAMS 0x00000000c5e00000, 0x00000000c5e00000| Untracked 
|  41|0x00000000c5f00000, 0x00000000c5f00000, 0x00000000c6000000|  0%| F|  |TAMS 0x00000000c5f00000, 0x00000000c5f00000| Untracked 
|  42|0x00000000c6000000, 0x00000000c6000000, 0x00000000c6100000|  0%| F|  |TAMS 0x00000000c6000000, 0x00000000c6000000| Untracked 
|  43|0x00000000c6100000, 0x00000000c6100000, 0x00000000c6200000|  0%| F|  |TAMS 0x00000000c6100000, 0x00000000c6100000| Untracked 
|  44|0x00000000c6200000, 0x00000000c6200000, 0x00000000c6300000|  0%| F|  |TAMS 0x00000000c6200000, 0x00000000c6200000| Untracked 
|  45|0x00000000c6300000, 0x00000000c6300000, 0x00000000c6400000|  0%| F|  |TAMS 0x00000000c6300000, 0x00000000c6300000| Untracked 
|  46|0x00000000c6400000, 0x00000000c6400000, 0x00000000c6500000|  0%| F|  |TAMS 0x00000000c6400000, 0x00000000c6400000| Untracked 
|  47|0x00000000c6500000, 0x00000000c6500000, 0x00000000c6600000|  0%| F|  |TAMS 0x00000000c6500000, 0x00000000c6500000| Untracked 
|  48|0x00000000c6600000, 0x00000000c6600000, 0x00000000c6700000|  0%| F|  |TAMS 0x00000000c6600000, 0x00000000c6600000| Untracked 
|  49|0x00000000c6700000, 0x00000000c6700000, 0x00000000c6800000|  0%| F|  |TAMS 0x00000000c6700000, 0x00000000c6700000| Untracked 
|  50|0x00000000c6800000, 0x00000000c6800000, 0x00000000c6900000|  0%| F|  |TAMS 0x00000000c6800000, 0x00000000c6800000| Untracked 
|  51|0x00000000c6900000, 0x00000000c6900000, 0x00000000c6a00000|  0%| F|  |TAMS 0x00000000c6900000, 0x00000000c6900000| Untracked 
|  52|0x00000000c6a00000, 0x00000000c6a00000, 0x00000000c6b00000|  0%| F|  |TAMS 0x00000000c6a00000, 0x00000000c6a00000| Untracked 
|  53|0x00000000c6b00000, 0x00000000c6b00000, 0x00000000c6c00000|  0%| F|  |TAMS 0x00000000c6b00000, 0x00000000c6b00000| Untracked 
|  54|0x00000000c6c00000, 0x00000000c6c00000, 0x00000000c6d00000|  0%| F|  |TAMS 0x00000000c6c00000, 0x00000000c6c00000| Untracked 
|  55|0x00000000c6d00000, 0x00000000c6d00000, 0x00000000c6e00000|  0%| F|  |TAMS 0x00000000c6d00000, 0x00000000c6d00000| Untracked 
|  56|0x00000000c6e00000, 0x00000000c6e00000, 0x00000000c6f00000|  0%| F|  |TAMS 0x00000000c6e00000, 0x00000000c6e00000| Untracked 
|  57|0x00000000c6f00000, 0x00000000c6f00000, 0x00000000c7000000|  0%| F|  |TAMS 0x00000000c6f00000, 0x00000000c6f00000| Untracked 
|  58|0x00000000c7000000, 0x00000000c7000000, 0x00000000c7100000|  0%| F|  |TAMS 0x00000000c7000000, 0x00000000c7000000| Untracked 
|  59|0x00000000c7100000, 0x00000000c7100000, 0x00000000c7200000|  0%| F|  |TAMS 0x00000000c7100000, 0x00000000c7100000| Untracked 
|  60|0x00000000c7200000, 0x00000000c7243108, 0x00000000c7300000| 26%| E|  |TAMS 0x00000000c7200000, 0x00000000c7200000| Complete 
|  61|0x00000000c7300000, 0x00000000c7400000, 0x00000000c7400000|100%| E|CS|TAMS 0x00000000c7300000, 0x00000000c7300000| Complete 

Card table byte_map: [0x0000014c221b0000,0x0000014c223a0000] _byte_map_base: 0x0000014c21b95000

Marking Bits (Prev, Next): (CMBitMap*) 0x0000014c0b87c010, (CMBitMap*) 0x0000014c0b87c050
 Prev Bits: [0x0000014c22590000, 0x0000014c234b8000)
 Next Bits: [0x0000014c234c0000, 0x0000014c243e8000)

Polling page: 0x0000014c09740000

Metaspace:

Usage:
  Non-class:      3.37 MB used.
      Class:    309.38 KB used.
       Both:      3.68 MB used.

Virtual space:
  Non-class space:        8.00 MB reserved,       3.38 MB ( 42%) committed,  1 nodes.
      Class space:        1.00 GB reserved,     320.00 KB ( <1%) committed,  1 nodes.
              Both:        1.01 GB reserved,       3.69 MB ( <1%) committed. 

Chunk freelists:
   Non-Class:  0 bytes
       Class:  3.62 MB
        Both:  3.62 MB

MaxMetaspaceSize: 17179869184.00 GB
CompressedClassSpaceSize: 1.00 GB
 - commit_granule_bytes: 65536.
 - commit_granule_words: 8192.
 - virtual_space_node_default_size: 1048576.
 - enlarge_chunks_in_place: 1.
 - new_chunks_are_fully_committed: 0.
 - uncommit_free_chunks: 1.
 - use_allocation_guard: 0.
 - handle_deallocations: 1.


Internal statistics:

num_allocs_failed_limit: 0.
num_arena_births: 2.
num_arena_deaths: 0.
num_vsnodes_births: 2.
num_vsnodes_deaths: 0.
num_space_committed: 59.
num_space_uncommitted: 0.
num_chunks_returned_to_freelist: 0.
num_chunks_taken_from_freelist: 4.
num_chunk_merges: 0.
num_chunk_splits: 1.
num_chunks_enlarged: 0.
num_purges: 0.

CodeHeap 'non-profiled nmethods': size=120000Kb used=12Kb max_used=12Kb free=119987Kb
 bounds [0x0000014c1aa90000, 0x0000014c1ad00000, 0x0000014c21fc0000]
CodeHeap 'profiled nmethods': size=120000Kb used=92Kb max_used=92Kb free=119907Kb
 bounds [0x0000014c13560000, 0x0000014c137d0000, 0x0000014c1aa90000]
CodeHeap 'non-nmethods': size=5760Kb used=1030Kb max_used=1035Kb free=4729Kb
 bounds [0x0000014c12fc0000, 0x0000014c13230000, 0x0000014c13560000]
 total_blobs=347 nmethods=67 adapters=194
 compilation: enabled
              stopped_count=0, restarted_count=0
 full_count=0

Compilation events (20 events):
Event: 0.426 Thread 0x0000014c268f7f90   58       3       java.util.AbstractMap::<init> (5 bytes)
Event: 0.426 Thread 0x0000014c268f7f90 nmethod 58 0x0000014c13573a10 code [0x0000014c13573bc0, 0x0000014c13573d18]
Event: 0.426 Thread 0x0000014c268f7f90   59       3       java.util.ImmutableCollections$SetN::isEmpty (13 bytes)
Event: 0.427 Thread 0x0000014c268f7f90 nmethod 59 0x0000014c13573e10 code [0x0000014c13573fa0, 0x0000014c13574118]
Event: 0.430 Thread 0x0000014c268f7f90   60       1       java.lang.module.ModuleDescriptor$Exports::targets (5 bytes)
Event: 0.431 Thread 0x0000014c268f7f90 nmethod 60 0x0000014c1aa92910 code [0x0000014c1aa92aa0, 0x0000014c1aa92b78]
Event: 0.432 Thread 0x0000014c268f7f90   61       1       java.lang.module.ResolvedModule::configuration (5 bytes)
Event: 0.432 Thread 0x0000014c268f7f90 nmethod 61 0x0000014c1aa92c10 code [0x0000014c1aa92da0, 0x0000014c1aa92e78]
Event: 0.434 Thread 0x0000014c268f7f90   62       3       java.util.HashMap::<init> (11 bytes)
Event: 0.434 Thread 0x0000014c268f7f90 nmethod 62 0x0000014c13574190 code [0x0000014c13574340, 0x0000014c13574518]
Event: 0.446 Thread 0x0000014c268f7f90   63       1       java.util.ImmutableCollections$Set12::isEmpty (2 bytes)
Event: 0.446 Thread 0x0000014c268f7f90 nmethod 63 0x0000014c1aa92f10 code [0x0000014c1aa930a0, 0x0000014c1aa93178]
Event: 0.446 Thread 0x0000014c268f7f90   64       3       java.util.ImmutableCollections$Set12::iterator (9 bytes)
Event: 0.446 Thread 0x0000014c268f7f90 nmethod 64 0x0000014c13574610 code [0x0000014c135747c0, 0x0000014c13574a98]
Event: 0.446 Thread 0x0000014c268f7f90   65       3       java.util.ImmutableCollections$Set12$1::<init> (32 bytes)
Event: 0.447 Thread 0x0000014c268f7f90 nmethod 65 0x0000014c13574b90 code [0x0000014c13574d40, 0x0000014c13574f78]
Event: 0.459 Thread 0x0000014c268f7f90   66       3       java.util.HashMap::resize (356 bytes)
Event: 0.461 Thread 0x0000014c268f7f90 nmethod 66 0x0000014c13575090 code [0x0000014c13575340, 0x0000014c13576788]
Event: 0.503 Thread 0x0000014c268f7f90   67       3       java.lang.AbstractStringBuilder::ensureCapacityInternal (39 bytes)
Event: 0.504 Thread 0x0000014c268f7f90 nmethod 67 0x0000014c13576c10 code [0x0000014c13576dc0, 0x0000014c13576ff8]

GC Heap History (0 events):
No events

Deoptimization events (0 events):
No events

Classes unloaded (0 events):
No events

Classes redefined (0 events):
No events

Internal exceptions (0 events):
No events

Events (20 events):
Event: 0.509 loading class jdk/internal/misc/InnocuousThread$2
Event: 0.509 loading class jdk/internal/misc/InnocuousThread$2 done
Event: 0.509 Thread 0x0000014c2756be40 Thread added: 0x0000014c2756be40
Event: 0.509 loading class sun/nio/ByteBuffered
Event: 0.509 loading class sun/nio/ByteBuffered done
Event: 0.510 loading class java/io/FileInputStream$1
Event: 0.510 loading class java/io/FileInputStream$1 done
Event: 0.510 loading class java/security/SecureClassLoader$CodeSourceKey
Event: 0.510 loading class java/security/SecureClassLoader$CodeSourceKey done
Event: 0.510 loading class java/security/SecureClassLoader$1
Event: 0.511 loading class java/security/SecureClassLoader$1 done
Event: 0.511 loading class sun/security/util/LazyCodeSourcePermissionCollection
Event: 0.511 loading class java/security/PermissionCollection
Event: 0.511 loading class java/security/PermissionCollection done
Event: 0.511 loading class sun/security/util/LazyCodeSourcePermissionCollection done
Event: 0.511 loading class java/security/Permissions
Event: 0.511 loading class java/security/Permissions done
Event: 0.511 loading class java/lang/RuntimePermission
Event: 0.511 loading class java/lang/RuntimePermission done
Event: 0.511 loading class java/security/BasicPermissionCollection


Dynamic libraries:
0x00007ff60a400000 - 0x00007ff60a410000 	C:\Program Files\Java\jdk-16.0.1\bin\javaw.exe
0x00007ffcbe380000 - 0x00007ffcbe570000 	C:\WINDOWS\SYSTEM32\ntdll.dll
0x00007ffcbd400000 - 0x00007ffcbd4b2000 	C:\WINDOWS\System32\KERNEL32.DLL
0x00007ffcbb530000 - 0x00007ffcbb7d5000 	C:\WINDOWS\System32\KERNELBASE.dll
0x00007ffcbb430000 - 0x00007ffcbb52a000 	C:\WINDOWS\System32\ucrtbase.dll
0x00007ffca9320000 - 0x00007ffca9338000 	C:\Program Files\Java\jdk-16.0.1\bin\jli.dll
0x00007ffcbc660000 - 0x00007ffcbc703000 	C:\WINDOWS\System32\ADVAPI32.dll
0x00007ffcbcbe0000 - 0x00007ffcbcc7e000 	C:\WINDOWS\System32\msvcrt.dll
0x00007ffcbd040000 - 0x00007ffcbd0d7000 	C:\WINDOWS\System32\sechost.dll
0x00007ffcbc780000 - 0x00007ffcbc8a0000 	C:\WINDOWS\System32\RPCRT4.dll
0x00007ffcbc4c0000 - 0x00007ffcbc655000 	C:\WINDOWS\System32\USER32.dll
0x00007ffcbb340000 - 0x00007ffcbb361000 	C:\WINDOWS\System32\win32u.dll
0x00007ffcbc490000 - 0x00007ffcbc4b6000 	C:\WINDOWS\System32\GDI32.dll
0x00007ffcbc180000 - 0x00007ffcbc316000 	C:\WINDOWS\System32\gdi32full.dll
0x00007ffca8830000 - 0x00007ffca8ab4000 	C:\WINDOWS\WinSxS\amd64_microsoft.windows.common-controls_6595b64144ccf1df_6.0.18362.1082_none_9e8193e1e45b25c1\COMCTL32.dll
0x00007ffcbb370000 - 0x00007ffcbb40e000 	C:\WINDOWS\System32\msvcp_win.dll
0x00007ffcbc8a0000 - 0x00007ffcbcbd5000 	C:\WINDOWS\System32\combase.dll
0x00007ffcbc100000 - 0x00007ffcbc180000 	C:\WINDOWS\System32\bcryptPrimitives.dll
0x00007ffca9ca0000 - 0x00007ffca9caa000 	C:\WINDOWS\SYSTEM32\VERSION.dll
0x00007ffca73f0000 - 0x00007ffca7409000 	C:\Program Files\Java\jdk-16.0.1\bin\VCRUNTIME140.dll
0x00007ffcbdbd0000 - 0x00007ffcbdbfe000 	C:\WINDOWS\System32\IMM32.DLL
0x00007ffcb7780000 - 0x00007ffcb778c000 	C:\Program Files\Java\jdk-16.0.1\bin\vcruntime140_1.dll
0x00007ffc91b50000 - 0x00007ffc91be1000 	C:\Program Files\Java\jdk-16.0.1\bin\msvcp140.dll
0x00007ffc87e40000 - 0x00007ffc889eb000 	C:\Program Files\Java\jdk-16.0.1\bin\server\jvm.dll
0x00007ffcbd320000 - 0x00007ffcbd328000 	C:\WINDOWS\System32\PSAPI.DLL
0x00007ffca71c0000 - 0x00007ffca71c9000 	C:\WINDOWS\SYSTEM32\WSOCK32.dll
0x00007ffcb8d90000 - 0x00007ffcb8db4000 	C:\WINDOWS\SYSTEM32\WINMM.dll
0x00007ffcbc710000 - 0x00007ffcbc77f000 	C:\WINDOWS\System32\WS2_32.dll
0x00007ffcb8d60000 - 0x00007ffcb8d8d000 	C:\WINDOWS\SYSTEM32\WINMMBASE.dll
0x00007ffcbc0b0000 - 0x00007ffcbc0fa000 	C:\WINDOWS\System32\cfgmgr32.dll
0x00007ffcbb250000 - 0x00007ffcbb261000 	C:\WINDOWS\System32\kernel.appcore.dll
0x00007ffcaca60000 - 0x00007ffcaca6a000 	C:\Program Files\Java\jdk-16.0.1\bin\jimage.dll
0x00007ffcb9230000 - 0x00007ffcb9424000 	C:\WINDOWS\SYSTEM32\DBGHELP.DLL
0x00007ffca5430000 - 0x00007ffca545a000 	C:\WINDOWS\SYSTEM32\dbgcore.DLL
0x00007ffcaad10000 - 0x00007ffcaad35000 	C:\Program Files\Java\jdk-16.0.1\bin\java.dll
0x00007ffcbd4c0000 - 0x00007ffcbdba7000 	C:\WINDOWS\System32\SHELL32.dll
0x00007ffcbcf90000 - 0x00007ffcbd039000 	C:\WINDOWS\System32\shcore.dll
0x00007ffcbb7e0000 - 0x00007ffcbbf60000 	C:\WINDOWS\System32\windows.storage.dll
0x00007ffcbb2e0000 - 0x00007ffcbb303000 	C:\WINDOWS\System32\profapi.dll
0x00007ffcbb270000 - 0x00007ffcbb2ba000 	C:\WINDOWS\System32\powrprof.dll
0x00007ffcbb240000 - 0x00007ffcbb250000 	C:\WINDOWS\System32\UMPDC.dll
0x00007ffcbdc80000 - 0x00007ffcbdcd2000 	C:\WINDOWS\System32\shlwapi.dll
0x00007ffcbb410000 - 0x00007ffcbb427000 	C:\WINDOWS\System32\cryptsp.dll

dbghelp: loaded successfully - version: 4.0.5 - missing functions: none
symbol engine: initialized successfully - sym options: 0x614 - pdb path: .;C:\Program Files\Java\jdk-16.0.1\bin;C:\WINDOWS\SYSTEM32;C:\WINDOWS\WinSxS\amd64_microsoft.windows.common-controls_6595b64144ccf1df_6.0.18362.1082_none_9e8193e1e45b25c1;C:\Program Files\Java\jdk-16.0.1\bin\server

VM Arguments:
jvm_args: -Dfile.encoding=Cp1252 -XX:+ShowCodeDetailsInExceptionMessages 
java_command: qizz.Quiz
java_class_path (initial): C:\Users\Dell\eclipse-workspace\qizz\bin
Launcher Type: SUN_STANDARD

[Global flags]
     intx CICompilerCount                          = 3                                         {product} {ergonomic}
     uint ConcGCThreads                            = 1                                         {product} {ergonomic}
     uint G1ConcRefinementThreads                  = 4                                         {product} {ergonomic}
   size_t G1HeapRegionSize                         = 1048576                                   {product} {ergonomic}
    uintx GCDrainStackTargetSize                   = 64                                        {product} {ergonomic}
   size_t InitialHeapSize                          = 65011712                                  {product} {ergonomic}
   size_t MarkStackSize                            = 4194304                                   {product} {ergonomic}
   size_t MaxHeapSize                              = 1017118720                                {product} {ergonomic}
   size_t MaxNewSize                               = 610271232                                 {product} {ergonomic}
   size_t MinHeapDeltaBytes                        = 1048576                                   {product} {ergonomic}
   size_t MinHeapSize                              = 8388608                                   {product} {ergonomic}
    uintx NonNMethodCodeHeapSize                   = 5832780                                {pd product} {ergonomic}
    uintx NonProfiledCodeHeapSize                  = 122912730                              {pd product} {ergonomic}
    uintx ProfiledCodeHeapSize                     = 122912730                              {pd product} {ergonomic}
    uintx ReservedCodeCacheSize                    = 251658240                              {pd product} {ergonomic}
     bool SegmentedCodeCache                       = true                                      {product} {ergonomic}
     bool ShowCodeDetailsInExceptionMessages       = true                                   {manageable} {command line}
   size_t SoftMaxHeapSize                          = 1017118720                             {manageable} {ergonomic}
     bool UseCompressedClassPointers               = true                           {product lp64_product} {ergonomic}
     bool UseCompressedOops                        = true                           {product lp64_product} {ergonomic}
     bool UseG1GC                                  = true                                      {product} {ergonomic}
     bool UseLargePagesIndividualAllocation        = false                                  {pd product} {ergonomic}

Logging:
Log output configuration:
 #0: stdout all=warning uptime,level,tags
 #1: stderr all=off uptime,level,tags

Environment Variables:
JAVA_HOME=C:\Program Files\Java\jdk-16.0.1
PATH=C:\Program Files\Common Files\Oracle\Java\javapath;C:\Program Files (x86)\Common Files\Oracle\Java\javapath;C:\WINDOWS\system32;C:\WINDOWS;C:\WINDOWS\System32\Wbem;C:\WINDOWS\System32\WindowsPowerShell\v1.0\;C:\WINDOWS\System32\OpenSSH\;C:\Program Files\nodejs\;c:\Xilinx\bin\nt;C:\Program Files (x86)\Microsoft SQL Server\100\Tools\Binn\VSShell\Common7\IDE\;C:\Program Files (x86)\Microsoft SQL Server\100\Tools\Binn\;C:\Program Files\Microsoft SQL Server\100\Tools\Binn\;C:\Program Files (x86)\Microsoft SQL Server\100\DTS\Binn\;C:\Program Files\Azure Data Studio\bin;C:\Program Files\Java\jdk-16.0.1\bin;C:\Program Files (x86)\Microsoft SQL Server\110\Tools\Binn\ManagementStudio\;C:\Program Files (x86)\Microsoft SQL Server\110\Tools\Binn\;C:\Program Files (x86)\Microsoft SQL Server\110\DTS\Binn\;C:\altera\90\modelsim_ase\win32aloem;C:\Users\Dell\AppData\Local\Microsoft\WindowsApps;;C:\Users\Dell\AppData\Local\Programs\Microsoft VS Code\bin;C:\Users\Dell\AppData\Roaming\npm;C:\Program Files\Azure Data Studio\bin
USERNAME=Dell
OS=Windows_NT
PROCESSOR_IDENTIFIER=Intel64 Family 6 Model 142 Stepping 9, GenuineIntel



---------------  S Y S T E M  ---------------

OS:
 Windows 10 , 64 bit Build 18362 (10.0.18362.1082)
OS uptime: 16 days 20:16 hours

CPU: total 4 (initial active 4) (2 cores per cpu, 2 threads per core) family 6 model 142 stepping 9 microcode 0xb4, cx8, cmov, fxsr, ht, mmx, 3dnowpref, sse, sse2, sse3, ssse3, sse4.1, sse4.2, popcnt, lzcnt, tsc, tscinvbit, aes, erms, clmul, clflush, clflushopt

Memory: 4k page, system-wide physical 3874M (295M free)
TotalPageFile size 15650M (AvailPageFile size 0M)
current process WorkingSet (physical memory assigned to process): 24M, peak: 24M
current process commit charge ("private bytes"): 124M, peak: 128M

vm_info: Java HotSpot(TM) 64-Bit Server VM (16.0.1+9-24) for windows-amd64 JRE (16.0.1+9-24), built on Mar 26 2021 19:31:42 by "mach5one" with MS VC++ 16.7 (VS2019)

END.
