#
# There is insufficient memory for the Java Runtime Environment to continue.
# Native memory allocation (mmap) failed to map 65536 bytes for Failed to commit metaspace.
# Possible reasons:
#   The system is out of physical RAM or swap space
#   The process is running with CompressedOops enabled, and the Java Heap may be blocking the growth of the native heap
# Possible solutions:
#   Reduce memory load on the system
#   Increase physical memory or swap space
#   Check if swap backing store is full
#   Decrease Java heap size (-Xmx/-Xms)
#   Decrease number of Java threads
#   Decrease Java thread stack sizes (-Xss)
#   Set larger code cache with -XX:ReservedCodeCacheSize=
#   JVM is running with Unscaled Compressed Oops mode in which the Java heap is
#     placed in the first 4GB address space. The Java Heap base address is the
#     maximum limit for the native heap growth. Please use -XX:HeapBaseMinAddress
#     to set the Java Heap base and to place the Java Heap above 4GB virtual address.
# This output file may be truncated or incomplete.
#
#  Out of Memory Error (virtualSpaceNode.cpp:108), pid=12120, tid=11452
#
# JRE version: Java(TM) SE Runtime Environment (16.0.1+9) (build 16.0.1+9-24)
# Java VM: Java HotSpot(TM) 64-Bit Server VM (16.0.1+9-24, mixed mode, tiered, compressed oops, compressed class ptrs, g1 gc, windows-amd64)
# No core dump will be written. Minidumps are not enabled by default on client versions of Windows
#

---------------  S U M M A R Y ------------

Command Line: -Dfile.encoding=Cp1252 -XX:+ShowCodeDetailsInExceptionMessages qizz.Quiz

Host: Intel(R) Pentium(R) CPU 4415U @ 2.30GHz, 4 cores, 3G,  Windows 10 , 64 bit Build 18362 (10.0.18362.1082)
Time: Sun May 30 09:45:40 2021 India Standard Time elapsed time: 0.809483 seconds (0d 0h 0m 0s)

---------------  T H R E A D  ---------------

Current thread (0x0000017784019120):  JavaThread "main" [_thread_in_vm, id=11452, stack(0x000000660fc00000,0x000000660fd00000)]

Stack: [0x000000660fc00000,0x000000660fd00000]
Native frames: (J=compiled Java code, j=interpreted, Vv=VM code, C=native code)
V  [jvm.dll+0x6687ca]
V  [jvm.dll+0x7ca3c9]
V  [jvm.dll+0x7cbb53]
V  [jvm.dll+0x7cc1b3]
V  [jvm.dll+0x242ea5]
V  [jvm.dll+0x7c6a4b]
V  [jvm.dll+0x60e436]
V  [jvm.dll+0x1be93e]
V  [jvm.dll+0x610b91]
V  [jvm.dll+0x60ed31]
V  [jvm.dll+0x362f4a]
V  [jvm.dll+0x1e113f]
V  [jvm.dll+0x536752]
V  [jvm.dll+0x1f0fa2]
V  [jvm.dll+0x741e03]
V  [jvm.dll+0x7436a8]
V  [jvm.dll+0x7439d3]
V  [jvm.dll+0x23ad74]
V  [jvm.dll+0x375b71]
C  0x000001778b7abe8b

Java frames: (J=compiled Java code, j=interpreted, Vv=VM code)
j  java.awt.DefaultKeyboardFocusManager.<clinit>()V+41 java.desktop@16.0.1
v  ~StubRoutines::call_stub
j  java.awt.KeyboardFocusManager.getCurrentKeyboardFocusManager(Lsun/awt/AppContext;)Ljava/awt/KeyboardFocusManager;+14 java.desktop@16.0.1
j  java.awt.KeyboardFocusManager.getCurrentKeyboardFocusManager()Ljava/awt/KeyboardFocusManager;+3 java.desktop@16.0.1
j  sun.awt.SunToolkit.checkAndSetPolicy(Ljava/awt/Container;)V+0 java.desktop@16.0.1
j  java.awt.Window.init(Ljava/awt/GraphicsConfiguration;)V+194 java.desktop@16.0.1
j  java.awt.Window.<init>()V+124 java.desktop@16.0.1
j  java.awt.Frame.<init>(Ljava/lang/String;)V+1 java.desktop@16.0.1
j  java.awt.Frame.<init>()V+3 java.desktop@16.0.1
j  javax.swing.JFrame.<init>()V+1 java.desktop@16.0.1
j  qizz.Quiz.<init>(Ljava/lang/String;)V+1
j  qizz.Quiz.main([Ljava/lang/String;)V+6
v  ~StubRoutines::call_stub

---------------  P R O C E S S  ---------------

Threads class SMR info:
_java_thread_list=0x000001779ff9b840, length=15, elements={
0x0000017784019120, 0x000001779f06f250, 0x000001779f070390, 0x000001779f097000,
0x000001779f098c10, 0x000001779f09b720, 0x000001779f09c120, 0x000001779f09de20,
0x000001779fc32800, 0x000001779f0ee4e0, 0x000001779fd31ec0, 0x000001779fd4a020,
0x000001779ffa82b0, 0x000001779ffa87d0, 0x000001779ffa8e40
}

Java Threads: ( => current thread )
=>0x0000017784019120 JavaThread "main" [_thread_in_vm, id=11452, stack(0x000000660fc00000,0x000000660fd00000)]
  0x000001779f06f250 JavaThread "Reference Handler" daemon [_thread_blocked, id=9588, stack(0x0000006610300000,0x0000006610400000)]
  0x000001779f070390 JavaThread "Finalizer" daemon [_thread_blocked, id=7856, stack(0x0000006610400000,0x0000006610500000)]
  0x000001779f097000 JavaThread "Signal Dispatcher" daemon [_thread_blocked, id=8568, stack(0x0000006610500000,0x0000006610600000)]
  0x000001779f098c10 JavaThread "Attach Listener" daemon [_thread_blocked, id=14476, stack(0x0000006610600000,0x0000006610700000)]
  0x000001779f09b720 JavaThread "Service Thread" daemon [_thread_blocked, id=5164, stack(0x0000006610700000,0x0000006610800000)]
  0x000001779f09c120 JavaThread "Monitor Deflation Thread" daemon [_thread_blocked, id=13072, stack(0x0000006610800000,0x0000006610900000)]
  0x000001779f09de20 JavaThread "C2 CompilerThread0" daemon [_thread_blocked, id=16032, stack(0x0000006610900000,0x0000006610a00000)]
  0x000001779fc32800 JavaThread "C1 CompilerThread0" daemon [_thread_blocked, id=13744, stack(0x0000006610a00000,0x0000006610b00000)]
  0x000001779f0ee4e0 JavaThread "Sweeper thread" daemon [_thread_blocked, id=14776, stack(0x0000006610b00000,0x0000006610c00000)]
  0x000001779fd31ec0 JavaThread "Notification Thread" daemon [_thread_blocked, id=7776, stack(0x0000006610c00000,0x0000006610d00000)]
  0x000001779fd4a020 JavaThread "Common-Cleaner" daemon [_thread_blocked, id=12940, stack(0x0000006610e00000,0x0000006610f00000)]
  0x000001779ffa82b0 JavaThread "Java2D Disposer" daemon [_thread_blocked, id=15904, stack(0x0000006611000000,0x0000006611100000)]
  0x000001779ffa87d0 JavaThread "AWT-Shutdown" [_thread_blocked, id=4760, stack(0x0000006611100000,0x0000006611200000)]
  0x000001779ffa8e40 JavaThread "AWT-Windows" daemon [_thread_in_native, id=9548, stack(0x0000006611200000,0x0000006611300000)]

Other Threads:
  0x000001779f04ef20 VMThread "VM Thread" [stack: 0x0000006610200000,0x0000006610300000] [id=9996]
  0x000001779fd34800 WatcherThread [stack: 0x0000006610d00000,0x0000006610e00000] [id=11952]
  0x0000017784048560 GCTaskThread "GC Thread#0" [stack: 0x000000660fd00000,0x000000660fe00000] [id=3744]
  0x0000017784051780 ConcurrentGCThread "G1 Main Marker" [stack: 0x000000660fe00000,0x000000660ff00000] [id=17184]
  0x00000177840563c0 ConcurrentGCThread "G1 Conc#0" [stack: 0x000000660ff00000,0x0000006610000000] [id=17092]
  0x0000017784093650 ConcurrentGCThread "G1 Refine#0" [stack: 0x0000006610000000,0x0000006610100000] [id=7256]
  0x0000017784095160 ConcurrentGCThread "G1 Service" [stack: 0x0000006610100000,0x0000006610200000] [id=13128]

Threads with active compile tasks:

VM state: not at safepoint (normal execution)

VM Mutex/Monitor currently owned by a thread:  ([mutex/lock_event])
[0x0000017784014c80] MetaspaceExpand_lock - owner thread: 0x0000017784019120

Heap address: 0x00000000c3600000, size: 970 MB, Compressed Oops mode: 32-bit

CDS disabled.
Compressed class space mapped at: 0x0000000100000000-0x0000000140000000, reserved size: 1073741824
Narrow klass base: 0x0000000000000000, Narrow klass shift: 3, Narrow klass range: 0x140000000

GC Precious Log:
 CPUs: 4 total, 4 available
 Memory: 3874M
 Large Page Support: Disabled
 NUMA Support: Disabled
 Compressed Oops: Enabled (32-bit)
 Heap Region Size: 1M
 Heap Min Capacity: 8M
 Heap Initial Capacity: 62M
 Heap Max Capacity: 970M
 Pre-touch: Disabled
 Parallel Workers: 4
 Concurrent Workers: 1
 Concurrent Refinement Workers: 4
 Periodic GC: Disabled

Heap:
 garbage-first heap   total 63488K, used 2048K [0x00000000c3600000, 0x0000000100000000)
  region size 1024K, 3 young (3072K), 0 survivors (0K)
 Metaspace       used 8667K, committed 8832K, reserved 1056768K
  class space    used 776K, committed 832K, reserved 1048576K

Heap Regions: E=young(eden), S=young(survivor), O=old, HS=humongous(starts), HC=humongous(continues), CS=collection set, F=free, OA=open archive, CA=closed archive, TAMS=top-at-mark-start (previous, next)
|   0|0x00000000c3600000, 0x00000000c3600000, 0x00000000c3700000|  0%| F|  |TAMS 0x00000000c3600000, 0x00000000c3600000| Untracked 
|   1|0x00000000c3700000, 0x00000000c3700000, 0x00000000c3800000|  0%| F|  |TAMS 0x00000000c3700000, 0x00000000c3700000| Untracked 
|   2|0x00000000c3800000, 0x00000000c3800000, 0x00000000c3900000|  0%| F|  |TAMS 0x00000000c3800000, 0x00000000c3800000| Untracked 
|   3|0x00000000c3900000, 0x00000000c3900000, 0x00000000c3a00000|  0%| F|  |TAMS 0x00000000c3900000, 0x00000000c3900000| Untracked 
|   4|0x00000000c3a00000, 0x00000000c3a00000, 0x00000000c3b00000|  0%| F|  |TAMS 0x00000000c3a00000, 0x00000000c3a00000| Untracked 
|   5|0x00000000c3b00000, 0x00000000c3b00000, 0x00000000c3c00000|  0%| F|  |TAMS 0x00000000c3b00000, 0x00000000c3b00000| Untracked 
|   6|0x00000000c3c00000, 0x00000000c3c00000, 0x00000000c3d00000|  0%| F|  |TAMS 0x00000000c3c00000, 0x00000000c3c00000| Untracked 
|   7|0x00000000c3d00000, 0x00000000c3d00000, 0x00000000c3e00000|  0%| F|  |TAMS 0x00000000c3d00000, 0x00000000c3d00000| Untracked 
|   8|0x00000000c3e00000, 0x00000000c3e00000, 0x00000000c3f00000|  0%| F|  |TAMS 0x00000000c3e00000, 0x00000000c3e00000| Untracked 
|   9|0x00000000c3f00000, 0x00000000c3f00000, 0x00000000c4000000|  0%| F|  |TAMS 0x00000000c3f00000, 0x00000000c3f00000| Untracked 
|  10|0x00000000c4000000, 0x00000000c4000000, 0x00000000c4100000|  0%| F|  |TAMS 0x00000000c4000000, 0x00000000c4000000| Untracked 
|  11|0x00000000c4100000, 0x00000000c4100000, 0x00000000c4200000|  0%| F|  |TAMS 0x00000000c4100000, 0x00000000c4100000| Untracked 
|  12|0x00000000c4200000, 0x00000000c4200000, 0x00000000c4300000|  0%| F|  |TAMS 0x00000000c4200000, 0x00000000c4200000| Untracked 
|  13|0x00000000c4300000, 0x00000000c4300000, 0x00000000c4400000|  0%| F|  |TAMS 0x00000000c4300000, 0x00000000c4300000| Untracked 
|  14|0x00000000c4400000, 0x00000000c4400000, 0x00000000c4500000|  0%| F|  |TAMS 0x00000000c4400000, 0x00000000c4400000| Untracked 
|  15|0x00000000c4500000, 0x00000000c4500000, 0x00000000c4600000|  0%| F|  |TAMS 0x00000000c4500000, 0x00000000c4500000| Untracked 
|  16|0x00000000c4600000, 0x00000000c4600000, 0x00000000c4700000|  0%| F|  |TAMS 0x00000000c4600000, 0x00000000c4600000| Untracked 
|  17|0x00000000c4700000, 0x00000000c4700000, 0x00000000c4800000|  0%| F|  |TAMS 0x00000000c4700000, 0x00000000c4700000| Untracked 
|  18|0x00000000c4800000, 0x00000000c4800000, 0x00000000c4900000|  0%| F|  |TAMS 0x00000000c4800000, 0x00000000c4800000| Untracked 
|  19|0x00000000c4900000, 0x00000000c4900000, 0x00000000c4a00000|  0%| F|  |TAMS 0x00000000c4900000, 0x00000000c4900000| Untracked 
|  20|0x00000000c4a00000, 0x00000000c4a00000, 0x00000000c4b00000|  0%| F|  |TAMS 0x00000000c4a00000, 0x00000000c4a00000| Untracked 
|  21|0x00000000c4b00000, 0x00000000c4b00000, 0x00000000c4c00000|  0%| F|  |TAMS 0x00000000c4b00000, 0x00000000c4b00000| Untracked 
|  22|0x00000000c4c00000, 0x00000000c4c00000, 0x00000000c4d00000|  0%| F|  |TAMS 0x00000000c4c00000, 0x00000000c4c00000| Untracked 
|  23|0x00000000c4d00000, 0x00000000c4d00000, 0x00000000c4e00000|  0%| F|  |TAMS 0x00000000c4d00000, 0x00000000c4d00000| Untracked 
|  24|0x00000000c4e00000, 0x00000000c4e00000, 0x00000000c4f00000|  0%| F|  |TAMS 0x00000000c4e00000, 0x00000000c4e00000| Untracked 
|  25|0x00000000c4f00000, 0x00000000c4f00000, 0x00000000c5000000|  0%| F|  |TAMS 0x00000000c4f00000, 0x00000000c4f00000| Untracked 
|  26|0x00000000c5000000, 0x00000000c5000000, 0x00000000c5100000|  0%| F|  |TAMS 0x00000000c5000000, 0x00000000c5000000| Untracked 
|  27|0x00000000c5100000, 0x00000000c5100000, 0x00000000c5200000|  0%| F|  |TAMS 0x00000000c5100000, 0x00000000c5100000| Untracked 
|  28|0x00000000c5200000, 0x00000000c5200000, 0x00000000c5300000|  0%| F|  |TAMS 0x00000000c5200000, 0x00000000c5200000| Untracked 
|  29|0x00000000c5300000, 0x00000000c5300000, 0x00000000c5400000|  0%| F|  |TAMS 0x00000000c5300000, 0x00000000c5300000| Untracked 
|  30|0x00000000c5400000, 0x00000000c5400000, 0x00000000c5500000|  0%| F|  |TAMS 0x00000000c5400000, 0x00000000c5400000| Untracked 
|  31|0x00000000c5500000, 0x00000000c5500000, 0x00000000c5600000|  0%| F|  |TAMS 0x00000000c5500000, 0x00000000c5500000| Untracked 
|  32|0x00000000c5600000, 0x00000000c5600000, 0x00000000c5700000|  0%| F|  |TAMS 0x00000000c5600000, 0x00000000c5600000| Untracked 
|  33|0x00000000c5700000, 0x00000000c5700000, 0x00000000c5800000|  0%| F|  |TAMS 0x00000000c5700000, 0x00000000c5700000| Untracked 
|  34|0x00000000c5800000, 0x00000000c5800000, 0x00000000c5900000|  0%| F|  |TAMS 0x00000000c5800000, 0x00000000c5800000| Untracked 
|  35|0x00000000c5900000, 0x00000000c5900000, 0x00000000c5a00000|  0%| F|  |TAMS 0x00000000c5900000, 0x00000000c5900000| Untracked 
|  36|0x00000000c5a00000, 0x00000000c5a00000, 0x00000000c5b00000|  0%| F|  |TAMS 0x00000000c5a00000, 0x00000000c5a00000| Untracked 
|  37|0x00000000c5b00000, 0x00000000c5b00000, 0x00000000c5c00000|  0%| F|  |TAMS 0x00000000c5b00000, 0x00000000c5b00000| Untracked 
|  38|0x00000000c5c00000, 0x00000000c5c00000, 0x00000000c5d00000|  0%| F|  |TAMS 0x00000000c5c00000, 0x00000000c5c00000| Untracked 
|  39|0x00000000c5d00000, 0x00000000c5d00000, 0x00000000c5e00000|  0%| F|  |TAMS 0x00000000c5d00000, 0x00000000c5d00000| Untracked 
|  40|0x00000000c5e00000, 0x00000000c5e00000, 0x00000000c5f00000|  0%| F|  |TAMS 0x00000000c5e00000, 0x00000000c5e00000| Untracked 
|  41|0x00000000c5f00000, 0x00000000c5f00000, 0x00000000c6000000|  0%| F|  |TAMS 0x00000000c5f00000, 0x00000000c5f00000| Untracked 
|  42|0x00000000c6000000, 0x00000000c6000000, 0x00000000c6100000|  0%| F|  |TAMS 0x00000000c6000000, 0x00000000c6000000| Untracked 
|  43|0x00000000c6100000, 0x00000000c6100000, 0x00000000c6200000|  0%| F|  |TAMS 0x00000000c6100000, 0x00000000c6100000| Untracked 
|  44|0x00000000c6200000, 0x00000000c6200000, 0x00000000c6300000|  0%| F|  |TAMS 0x00000000c6200000, 0x00000000c6200000| Untracked 
|  45|0x00000000c6300000, 0x00000000c6300000, 0x00000000c6400000|  0%| F|  |TAMS 0x00000000c6300000, 0x00000000c6300000| Untracked 
|  46|0x00000000c6400000, 0x00000000c6400000, 0x00000000c6500000|  0%| F|  |TAMS 0x00000000c6400000, 0x00000000c6400000| Untracked 
|  47|0x00000000c6500000, 0x00000000c6500000, 0x00000000c6600000|  0%| F|  |TAMS 0x00000000c6500000, 0x00000000c6500000| Untracked 
|  48|0x00000000c6600000, 0x00000000c6600000, 0x00000000c6700000|  0%| F|  |TAMS 0x00000000c6600000, 0x00000000c6600000| Untracked 
|  49|0x00000000c6700000, 0x00000000c6700000, 0x00000000c6800000|  0%| F|  |TAMS 0x00000000c6700000, 0x00000000c6700000| Untracked 
|  50|0x00000000c6800000, 0x00000000c6800000, 0x00000000c6900000|  0%| F|  |TAMS 0x00000000c6800000, 0x00000000c6800000| Untracked 
|  51|0x00000000c6900000, 0x00000000c6900000, 0x00000000c6a00000|  0%| F|  |TAMS 0x00000000c6900000, 0x00000000c6900000| Untracked 
|  52|0x00000000c6a00000, 0x00000000c6a00000, 0x00000000c6b00000|  0%| F|  |TAMS 0x00000000c6a00000, 0x00000000c6a00000| Untracked 
|  53|0x00000000c6b00000, 0x00000000c6b00000, 0x00000000c6c00000|  0%| F|  |TAMS 0x00000000c6b00000, 0x00000000c6b00000| Untracked 
|  54|0x00000000c6c00000, 0x00000000c6c00000, 0x00000000c6d00000|  0%| F|  |TAMS 0x00000000c6c00000, 0x00000000c6c00000| Untracked 
|  55|0x00000000c6d00000, 0x00000000c6d00000, 0x00000000c6e00000|  0%| F|  |TAMS 0x00000000c6d00000, 0x00000000c6d00000| Untracked 
|  56|0x00000000c6e00000, 0x00000000c6e00000, 0x00000000c6f00000|  0%| F|  |TAMS 0x00000000c6e00000, 0x00000000c6e00000| Untracked 
|  57|0x00000000c6f00000, 0x00000000c6f00000, 0x00000000c7000000|  0%| F|  |TAMS 0x00000000c6f00000, 0x00000000c6f00000| Untracked 
|  58|0x00000000c7000000, 0x00000000c7000000, 0x00000000c7100000|  0%| F|  |TAMS 0x00000000c7000000, 0x00000000c7000000| Untracked 
|  59|0x00000000c7100000, 0x00000000c7185a30, 0x00000000c7200000| 52%| E|  |TAMS 0x00000000c7100000, 0x00000000c7100000| Complete 
|  60|0x00000000c7200000, 0x00000000c7300000, 0x00000000c7300000|100%| E|CS|TAMS 0x00000000c7200000, 0x00000000c7200000| Complete 
|  61|0x00000000c7300000, 0x00000000c7400000, 0x00000000c7400000|100%| E|CS|TAMS 0x00000000c7300000, 0x00000000c7300000| Complete 

Card table byte_map: [0x000001779a980000,0x000001779ab70000] _byte_map_base: 0x000001779a365000

Marking Bits (Prev, Next): (CMBitMap*) 0x0000017784048c50, (CMBitMap*) 0x0000017784048c90
 Prev Bits: [0x000001779ad60000, 0x000001779bc88000)
 Next Bits: [0x000001779bc90000, 0x000001779cbb8000)

Polling page: 0x0000017782020000

Metaspace:

Usage:
  Non-class:      7.71 MB used.
      Class:    776.31 KB used.
       Both:      8.46 MB used.

Virtual space:
  Non-class space:        8.00 MB reserved,       7.81 MB ( 98%) committed,  1 nodes.
      Class space:        1.00 GB reserved,     832.00 KB ( <1%) committed,  1 nodes.
              Both:        1.01 GB reserved,       8.63 MB ( <1%) committed. 

Chunk freelists:
   Non-Class:  240.00 KB
       Class:  3.10 MB
        Both:  3.33 MB

MaxMetaspaceSize: 17179869184.00 GB
CompressedClassSpaceSize: 1.00 GB
 - commit_granule_bytes: 65536.
 - commit_granule_words: 8192.
 - virtual_space_node_default_size: 1048576.
 - enlarge_chunks_in_place: 1.
 - new_chunks_are_fully_committed: 0.
 - uncommit_free_chunks: 1.
 - use_allocation_guard: 0.
 - handle_deallocations: 1.


Internal statistics:

num_allocs_failed_limit: 0.
num_arena_births: 62.
num_arena_deaths: 0.
num_vsnodes_births: 2.
num_vsnodes_deaths: 0.
num_space_committed: 138.
num_space_uncommitted: 0.
num_chunks_returned_to_freelist: 0.
num_chunks_taken_from_freelist: 90.
num_chunk_merges: 0.
num_chunk_splits: 49.
num_chunks_enlarged: 22.
num_purges: 0.

CodeHeap 'non-profiled nmethods': size=120000Kb used=99Kb max_used=99Kb free=119901Kb
 bounds [0x0000017793260000, 0x00000177934d0000, 0x000001779a790000]
CodeHeap 'profiled nmethods': size=120000Kb used=370Kb max_used=370Kb free=119630Kb
 bounds [0x000001778bd30000, 0x000001778bfa0000, 0x0000017793260000]
CodeHeap 'non-nmethods': size=5760Kb used=1147Kb max_used=1157Kb free=4613Kb
 bounds [0x000001778b790000, 0x000001778ba00000, 0x000001778bd30000]
 total_blobs=728 nmethods=295 adapters=347
 compilation: enabled
              stopped_count=0, restarted_count=0
 full_count=0

Compilation events (20 events):
Event: 0.766 Thread 0x000001779fc32800  285       3       java.lang.invoke.LambdaForm::forceInterpretation (14 bytes)
Event: 0.766 Thread 0x000001779fc32800 nmethod 285 0x000001778bd88f90 code [0x000001778bd89120, 0x000001778bd89298]
Event: 0.766 Thread 0x000001779fc32800  284       1       java.lang.invoke.MethodTypeForm::basicType (5 bytes)
Event: 0.766 Thread 0x000001779fc32800 nmethod 284 0x0000017793277d10 code [0x0000017793277ea0, 0x0000017793277f78]
Event: 0.767 Thread 0x000001779fc32800  286       3       jdk.internal.org.objectweb.asm.ByteVector::put122 (93 bytes)
Event: 0.768 Thread 0x000001779fc32800 nmethod 286 0x000001778bd89310 code [0x000001778bd894c0, 0x000001778bd89748]
Event: 0.768 Thread 0x000001779fc32800  287       3       jdk.internal.misc.Unsafe::allocateUninitializedArray0 (90 bytes)
Event: 0.768 Thread 0x000001779fc32800 nmethod 287 0x000001778bd89910 code [0x000001778bd89b20, 0x000001778bd8a458]
Event: 0.769 Thread 0x000001779fc32800  288       3       jdk.internal.org.objectweb.asm.Handler::getExceptionTableLength (21 bytes)
Event: 0.769 Thread 0x000001779fc32800 nmethod 288 0x000001778bd8a590 code [0x000001778bd8a740, 0x000001778bd8a8d8]
Event: 0.769 Thread 0x000001779fc32800  289       1       jdk.internal.org.objectweb.asm.SymbolTable::getMajorVersion (5 bytes)
Event: 0.769 Thread 0x000001779fc32800 nmethod 289 0x0000017793278010 code [0x00000177932781a0, 0x0000017793278278]
Event: 0.770 Thread 0x000001779fc32800  290       3       java.lang.Class::getPackageName (81 bytes)
Event: 0.771 Thread 0x000001779fc32800 nmethod 290 0x000001778bd8aa10 code [0x000001778bd8aca0, 0x000001778bd8b748]
Event: 0.771 Thread 0x000001779fc32800  291       3       java.lang.StringLatin1::lastIndexOf (40 bytes)
Event: 0.771 Thread 0x000001779fc32800 nmethod 291 0x000001778bd8bb10 code [0x000001778bd8bce0, 0x000001778bd8c0d8]
Event: 0.782 Thread 0x000001779fc32800  293       3       java.lang.invoke.LambdaForm::uncustomize (57 bytes)
Event: 0.782 Thread 0x000001779fc32800 nmethod 293 0x000001778bd8c210 code [0x000001778bd8c3e0, 0x000001778bd8c6e8]
Event: 0.784 Thread 0x000001779f09de20  295       4       java.lang.invoke.MethodType::parameterType (7 bytes)
Event: 0.785 Thread 0x000001779f09de20 nmethod 295 0x0000017793278910 code [0x0000017793278aa0, 0x0000017793278b58]

GC Heap History (0 events):
No events

Deoptimization events (0 events):
No events

Classes unloaded (0 events):
No events

Classes redefined (0 events):
No events

Internal exceptions (6 events):
Event: 0.555 Thread 0x0000017784019120 Exception <a 'java/lang/NoSuchMethodError'{0x00000000c721eb00}: 'void java.lang.invoke.DirectMethodHandle$Holder.invokeSpecial(java.lang.Object, java.lang.Object, java.lang.Object)'> (0x00000000c721eb00) 
thrown [t:\workspace\open\src\hotspot\share\interpreter\linkResolver.cpp, line 790]
Event: 0.610 Thread 0x0000017784019120 Exception <a 'java/lang/ClassNotFoundException'{0x00000000c723f648}: sun/awt/resources/spi/awtProvider> (0x00000000c723f648) 
thrown [t:\workspace\open\src\hotspot\share\classfile\systemDictionary.cpp, line 256]
Event: 0.662 Thread 0x0000017784019120 Exception <a 'java/io/FileNotFoundException'{0x00000000c729af70}> (0x00000000c729af70) 
thrown [t:\workspace\open\src\hotspot\share\prims\jni.cpp, line 579]
Event: 0.685 Thread 0x0000017784019120 Exception <a 'java/io/FileNotFoundException'{0x00000000c72c9c80}> (0x00000000c72c9c80) 
thrown [t:\workspace\open\src\hotspot\share\prims\jni.cpp, line 579]
Event: 0.686 Thread 0x0000017784019120 Exception <a 'java/lang/NoSuchMethodError'{0x00000000c72cae78}: 'java.lang.Object java.lang.invoke.DirectMethodHandle$Holder.invokeStatic(java.lang.Object)'> (0x00000000c72cae78) 
thrown [t:\workspace\open\src\hotspot\share\interpreter\linkResolver.cpp, line 790]
Event: 0.767 Thread 0x0000017784019120 Exception <a 'java/lang/NoSuchMethodError'{0x00000000c7127308}: 'java.lang.Object java.lang.invoke.DirectMethodHandle$Holder.invokeStaticInit(java.lang.Object)'> (0x00000000c7127308) 
thrown [t:\workspace\open\src\hotspot\share\interpreter\linkResolver.cpp, line 790]

Events (20 events):
Event: 0.786 loading class java/awt/Dialog$ModalExclusionType done
Event: 0.786 loading class java/awt/Window$WindowDisposerRecord
Event: 0.786 loading class java/awt/Window$WindowDisposerRecord done
Event: 0.786 loading class java/awt/KeyboardFocusManager
Event: 0.787 loading class java/awt/KeyEventDispatcher
Event: 0.787 loading class java/awt/KeyEventDispatcher done
Event: 0.787 loading class java/awt/KeyEventPostProcessor
Event: 0.787 loading class java/awt/KeyEventPostProcessor done
Event: 0.787 loading class java/awt/KeyboardFocusManager done
Event: 0.787 loading class java/awt/KeyboardFocusManager$1
Event: 0.787 loading class sun/awt/AWTAccessor$KeyboardFocusManagerAccessor
Event: 0.787 loading class sun/awt/AWTAccessor$KeyboardFocusManagerAccessor done
Event: 0.787 loading class java/awt/KeyboardFocusManager$1 done
Event: 0.787 loading class java/awt/DefaultKeyboardFocusManager
Event: 0.788 loading class java/awt/DefaultKeyboardFocusManager done
Event: 0.788 loading class java/awt/DefaultKeyboardFocusManager$1
Event: 0.788 loading class sun/awt/AWTAccessor$DefaultKeyboardFocusManagerAccessor
Event: 0.788 loading class sun/awt/AWTAccessor$DefaultKeyboardFocusManagerAccessor done
Event: 0.788 loading class java/awt/DefaultKeyboardFocusManager$1 done
Event: 0.788 loading class java/awt/DefaultKeyboardFocusManager$2


Dynamic libraries:
0x00007ff60a400000 - 0x00007ff60a410000 	C:\Program Files\Java\jdk-16.0.1\bin\javaw.exe
0x00007ffcbe380000 - 0x00007ffcbe570000 	C:\WINDOWS\SYSTEM32\ntdll.dll
0x00007ffcbd400000 - 0x00007ffcbd4b2000 	C:\WINDOWS\System32\KERNEL32.DLL
0x00007ffcbb530000 - 0x00007ffcbb7d5000 	C:\WINDOWS\System32\KERNELBASE.dll
0x00007ffcbb430000 - 0x00007ffcbb52a000 	C:\WINDOWS\System32\ucrtbase.dll
0x00007ffca9320000 - 0x00007ffca9338000 	C:\Program Files\Java\jdk-16.0.1\bin\jli.dll
0x00007ffcbc660000 - 0x00007ffcbc703000 	C:\WINDOWS\System32\ADVAPI32.dll
0x00007ffcbcbe0000 - 0x00007ffcbcc7e000 	C:\WINDOWS\System32\msvcrt.dll
0x00007ffcbd040000 - 0x00007ffcbd0d7000 	C:\WINDOWS\System32\sechost.dll
0x00007ffcbc780000 - 0x00007ffcbc8a0000 	C:\WINDOWS\System32\RPCRT4.dll
0x00007ffcbc4c0000 - 0x00007ffcbc655000 	C:\WINDOWS\System32\USER32.dll
0x00007ffcbb340000 - 0x00007ffcbb361000 	C:\WINDOWS\System32\win32u.dll
0x00007ffcbc490000 - 0x00007ffcbc4b6000 	C:\WINDOWS\System32\GDI32.dll
0x00007ffcbc180000 - 0x00007ffcbc316000 	C:\WINDOWS\System32\gdi32full.dll
0x00007ffcbb370000 - 0x00007ffcbb40e000 	C:\WINDOWS\System32\msvcp_win.dll
0x00007ffca73f0000 - 0x00007ffca7409000 	C:\Program Files\Java\jdk-16.0.1\bin\VCRUNTIME140.dll
0x00007ffca8830000 - 0x00007ffca8ab4000 	C:\WINDOWS\WinSxS\amd64_microsoft.windows.common-controls_6595b64144ccf1df_6.0.18362.1082_none_9e8193e1e45b25c1\COMCTL32.dll
0x00007ffcbc8a0000 - 0x00007ffcbcbd5000 	C:\WINDOWS\System32\combase.dll
0x00007ffcbc100000 - 0x00007ffcbc180000 	C:\WINDOWS\System32\bcryptPrimitives.dll
0x00007ffca9ca0000 - 0x00007ffca9caa000 	C:\WINDOWS\SYSTEM32\VERSION.dll
0x00007ffcbdbd0000 - 0x00007ffcbdbfe000 	C:\WINDOWS\System32\IMM32.DLL
0x00007ffcb7780000 - 0x00007ffcb778c000 	C:\Program Files\Java\jdk-16.0.1\bin\vcruntime140_1.dll
0x00007ffc91b50000 - 0x00007ffc91be1000 	C:\Program Files\Java\jdk-16.0.1\bin\msvcp140.dll
0x00007ffc87e40000 - 0x00007ffc889eb000 	C:\Program Files\Java\jdk-16.0.1\bin\server\jvm.dll
0x00007ffcbd320000 - 0x00007ffcbd328000 	C:\WINDOWS\System32\PSAPI.DLL
0x00007ffca71c0000 - 0x00007ffca71c9000 	C:\WINDOWS\SYSTEM32\WSOCK32.dll
0x00007ffcbc710000 - 0x00007ffcbc77f000 	C:\WINDOWS\System32\WS2_32.dll
0x00007ffcb8d90000 - 0x00007ffcb8db4000 	C:\WINDOWS\SYSTEM32\WINMM.dll
0x00007ffcb8d60000 - 0x00007ffcb8d8d000 	C:\WINDOWS\SYSTEM32\WINMMBASE.dll
0x00007ffcbc0b0000 - 0x00007ffcbc0fa000 	C:\WINDOWS\System32\cfgmgr32.dll
0x00007ffcbb250000 - 0x00007ffcbb261000 	C:\WINDOWS\System32\kernel.appcore.dll
0x00007ffcaca60000 - 0x00007ffcaca6a000 	C:\Program Files\Java\jdk-16.0.1\bin\jimage.dll
0x00007ffcb9230000 - 0x00007ffcb9424000 	C:\WINDOWS\SYSTEM32\DBGHELP.DLL
0x00007ffca5430000 - 0x00007ffca545a000 	C:\WINDOWS\SYSTEM32\dbgcore.DLL
0x00007ffcaad10000 - 0x00007ffcaad35000 	C:\Program Files\Java\jdk-16.0.1\bin\java.dll
0x00007ffcbd4c0000 - 0x00007ffcbdba7000 	C:\WINDOWS\System32\SHELL32.dll
0x00007ffcbcf90000 - 0x00007ffcbd039000 	C:\WINDOWS\System32\shcore.dll
0x00007ffcbb7e0000 - 0x00007ffcbbf60000 	C:\WINDOWS\System32\windows.storage.dll
0x00007ffcbb2e0000 - 0x00007ffcbb303000 	C:\WINDOWS\System32\profapi.dll
0x00007ffcbb270000 - 0x00007ffcbb2ba000 	C:\WINDOWS\System32\powrprof.dll
0x00007ffcbb240000 - 0x00007ffcbb250000 	C:\WINDOWS\System32\UMPDC.dll
0x00007ffcbdc80000 - 0x00007ffcbdcd2000 	C:\WINDOWS\System32\shlwapi.dll
0x00007ffcbb410000 - 0x00007ffcbb427000 	C:\WINDOWS\System32\cryptsp.dll
0x00007ffc8feb0000 - 0x00007ffc90030000 	C:\Program Files\Java\jdk-16.0.1\bin\awt.dll
0x00007ffcbdce0000 - 0x00007ffcbdda5000 	C:\WINDOWS\System32\OLEAUT32.dll
0x00007ffcb8fd0000 - 0x00007ffcb905f000 	C:\WINDOWS\SYSTEM32\apphelp.dll
0x00007ffcb98d0000 - 0x00007ffcb98fd000 	C:\WINDOWS\system32\DWMAPI.DLL
0x00007ffcb9430000 - 0x00007ffcb94c9000 	C:\WINDOWS\system32\uxtheme.dll
0x00007ffca65b0000 - 0x00007ffca6706000 	C:\WINDOWS\system32\opengl32.dll
0x00007ffca6580000 - 0x00007ffca65ac000 	C:\WINDOWS\SYSTEM32\GLU32.dll
0x00007ffcb9e90000 - 0x00007ffcb9eb0000 	C:\WINDOWS\SYSTEM32\dxcore.dll
0x00007ffcbd1e0000 - 0x00007ffcbd315000 	C:\WINDOWS\System32\MSCTF.dll
0x00007ffcbcc80000 - 0x00007ffcbcdd7000 	C:\WINDOWS\System32\ole32.dll

dbghelp: loaded successfully - version: 4.0.5 - missing functions: none
symbol engine: initialized successfully - sym options: 0x614 - pdb path: .;C:\Program Files\Java\jdk-16.0.1\bin;C:\WINDOWS\SYSTEM32;C:\WINDOWS\WinSxS\amd64_microsoft.windows.common-controls_6595b64144ccf1df_6.0.18362.1082_none_9e8193e1e45b25c1;C:\Program Files\Java\jdk-16.0.1\bin\server

VM Arguments:
jvm_args: -Dfile.encoding=Cp1252 -XX:+ShowCodeDetailsInExceptionMessages 
java_command: qizz.Quiz
java_class_path (initial): C:\Users\Dell\eclipse-workspace\qizz\bin
Launcher Type: SUN_STANDARD

[Global flags]
     intx CICompilerCount                          = 3                                         {product} {ergonomic}
     uint ConcGCThreads                            = 1                                         {product} {ergonomic}
     uint G1ConcRefinementThreads                  = 4                                         {product} {ergonomic}
   size_t G1HeapRegionSize                         = 1048576                                   {product} {ergonomic}
    uintx GCDrainStackTargetSize                   = 64                                        {product} {ergonomic}
   size_t InitialHeapSize                          = 65011712                                  {product} {ergonomic}
   size_t MarkStackSize                            = 4194304                                   {product} {ergonomic}
   size_t MaxHeapSize                              = 1017118720                                {product} {ergonomic}
   size_t MaxNewSize                               = 610271232                                 {product} {ergonomic}
   size_t MinHeapDeltaBytes                        = 1048576                                   {product} {ergonomic}
   size_t MinHeapSize                              = 8388608                                   {product} {ergonomic}
    uintx NonNMethodCodeHeapSize                   = 5832780                                {pd product} {ergonomic}
    uintx NonProfiledCodeHeapSize                  = 122912730                              {pd product} {ergonomic}
    uintx ProfiledCodeHeapSize                     = 122912730                              {pd product} {ergonomic}
    uintx ReservedCodeCacheSize                    = 251658240                              {pd product} {ergonomic}
     bool SegmentedCodeCache                       = true                                      {product} {ergonomic}
     bool ShowCodeDetailsInExceptionMessages       = true                                   {manageable} {command line}
   size_t SoftMaxHeapSize                          = 1017118720                             {manageable} {ergonomic}
     bool UseCompressedClassPointers               = true                           {product lp64_product} {ergonomic}
     bool UseCompressedOops                        = true                           {product lp64_product} {ergonomic}
     bool UseG1GC                                  = true                                      {product} {ergonomic}
     bool UseLargePagesIndividualAllocation        = false                                  {pd product} {ergonomic}

Logging:
Log output configuration:
 #0: stdout all=warning uptime,level,tags
 #1: stderr all=off uptime,level,tags

Environment Variables:
JAVA_HOME=C:\Program Files\Java\jdk-16.0.1
PATH=C:\Program Files\Common Files\Oracle\Java\javapath;C:\Program Files (x86)\Common Files\Oracle\Java\javapath;C:\WINDOWS\system32;C:\WINDOWS;C:\WINDOWS\System32\Wbem;C:\WINDOWS\System32\WindowsPowerShell\v1.0\;C:\WINDOWS\System32\OpenSSH\;C:\Program Files\nodejs\;c:\Xilinx\bin\nt;C:\Program Files (x86)\Microsoft SQL Server\100\Tools\Binn\VSShell\Common7\IDE\;C:\Program Files (x86)\Microsoft SQL Server\100\Tools\Binn\;C:\Program Files\Microsoft SQL Server\100\Tools\Binn\;C:\Program Files (x86)\Microsoft SQL Server\100\DTS\Binn\;C:\Program Files\Azure Data Studio\bin;C:\Program Files\Java\jdk-16.0.1\bin;C:\Program Files (x86)\Microsoft SQL Server\110\Tools\Binn\ManagementStudio\;C:\Program Files (x86)\Microsoft SQL Server\110\Tools\Binn\;C:\Program Files (x86)\Microsoft SQL Server\110\DTS\Binn\;C:\altera\90\modelsim_ase\win32aloem;C:\Users\Dell\AppData\Local\Microsoft\WindowsApps;;C:\Users\Dell\AppData\Local\Programs\Microsoft VS Code\bin;C:\Users\Dell\AppData\Roaming\npm;C:\Program Files\Azure Data Studio\bin
USERNAME=Dell
OS=Windows_NT
PROCESSOR_IDENTIFIER=Intel64 Family 6 Model 142 Stepping 9, GenuineIntel



---------------  S Y S T E M  ---------------

OS:
 Windows 10 , 64 bit Build 18362 (10.0.18362.1082)
OS uptime: 16 days 20:26 hours

CPU: total 4 (initial active 4) (2 cores per cpu, 2 threads per core) family 6 model 142 stepping 9 microcode 0xb4, cx8, cmov, fxsr, ht, mmx, 3dnowpref, sse, sse2, sse3, ssse3, sse4.1, sse4.2, popcnt, lzcnt, tsc, tscinvbit, aes, erms, clmul, clflush, clflushopt

Memory: 4k page, system-wide physical 3874M (530M free)
TotalPageFile size 15650M (AvailPageFile size 0M)
current process WorkingSet (physical memory assigned to process): 36M, peak: 36M
current process commit charge ("private bytes"): 133M, peak: 133M

vm_info: Java HotSpot(TM) 64-Bit Server VM (16.0.1+9-24) for windows-amd64 JRE (16.0.1+9-24), built on Mar 26 2021 19:31:42 by "mach5one" with MS VC++ 16.7 (VS2019)

END.
